<?xml version="1.0" encoding="UTF-8"?>
<testng-results skipped="0" failed="1" ignored="0" total="4" passed="3">
  <reporter-output>
  </reporter-output>
  <suite name="Automation with Application" duration-ms="153584" started-at="2020-07-02T16:28:00Z" finished-at="2020-07-02T16:30:33Z">
    <groups>
    </groups>
    <test name="Regression1" duration-ms="153584" started-at="2020-07-02T16:28:00Z" finished-at="2020-07-02T16:30:33Z">
      <class name="com.phptravels.qa.testcases.LoginpageTest">
        <test-method status="PASS" signature="setUp()[pri:0, instance:com.phptravels.qa.testcases.LoginpageTest@5ef60048]" name="setUp" is-config="true" duration-ms="14442" started-at="2020-07-02T16:28:00Z" finished-at="2020-07-02T16:28:14Z">
          <reporter-output>
          </reporter-output>
        </test-method> <!-- setUp -->
        <test-method status="PASS" signature="loginPage()[pri:1, instance:com.phptravels.qa.testcases.LoginpageTest@5ef60048]" name="loginPage" duration-ms="6407" started-at="2020-07-02T16:28:14Z" finished-at="2020-07-02T16:28:21Z">
          <reporter-output>
          </reporter-output>
        </test-method> <!-- loginPage -->
        <test-method status="PASS" signature="tearDownbrowser()[pri:0, instance:com.phptravels.qa.testcases.LoginpageTest@5ef60048]" name="tearDownbrowser" is-config="true" duration-ms="740" started-at="2020-07-02T16:28:21Z" finished-at="2020-07-02T16:28:21Z">
          <reporter-output>
          </reporter-output>
        </test-method> <!-- tearDownbrowser -->
      </class> <!-- com.phptravels.qa.testcases.LoginpageTest -->
      <class name="com.phptravels.qa.testcases.MyAccountPageTest">
        <test-method status="PASS" signature="setUp()[pri:0, instance:com.phptravels.qa.testcases.MyAccountPageTest@1d548a08]" name="setUp" is-config="true" duration-ms="25775" started-at="2020-07-02T16:28:21Z" finished-at="2020-07-02T16:28:47Z">
          <reporter-output>
          </reporter-output>
        </test-method> <!-- setUp -->
        <test-method status="PASS" signature="verifyMyaccountPageTitleTest()[pri:1, instance:com.phptravels.qa.testcases.MyAccountPageTest@1d548a08]" name="verifyMyaccountPageTitleTest" duration-ms="10" started-at="2020-07-02T16:28:47Z" finished-at="2020-07-02T16:28:47Z">
          <reporter-output>
          </reporter-output>
        </test-method> <!-- verifyMyaccountPageTitleTest -->
        <test-method status="PASS" signature="tearDownbrowser()[pri:0, instance:com.phptravels.qa.testcases.MyAccountPageTest@1d548a08]" name="tearDownbrowser" is-config="true" duration-ms="712" started-at="2020-07-02T16:28:47Z" finished-at="2020-07-02T16:28:48Z">
          <reporter-output>
          </reporter-output>
        </test-method> <!-- tearDownbrowser -->
        <test-method status="PASS" signature="setUp()[pri:0, instance:com.phptravels.qa.testcases.MyAccountPageTest@1d548a08]" name="setUp" is-config="true" duration-ms="27935" started-at="2020-07-02T16:28:48Z" finished-at="2020-07-02T16:29:16Z">
          <reporter-output>
          </reporter-output>
        </test-method> <!-- setUp -->
        <test-method status="PASS" signature="checkMyAccountpagetextTest()[pri:2, instance:com.phptravels.qa.testcases.MyAccountPageTest@1d548a08]" name="checkMyAccountpagetextTest" duration-ms="128" started-at="2020-07-02T16:29:16Z" finished-at="2020-07-02T16:29:16Z">
          <reporter-output>
          </reporter-output>
        </test-method> <!-- checkMyAccountpagetextTest -->
        <test-method status="PASS" signature="tearDownbrowser()[pri:0, instance:com.phptravels.qa.testcases.MyAccountPageTest@1d548a08]" name="tearDownbrowser" is-config="true" duration-ms="711" started-at="2020-07-02T16:29:16Z" finished-at="2020-07-02T16:29:17Z">
          <reporter-output>
          </reporter-output>
        </test-method> <!-- tearDownbrowser -->
        <test-method status="PASS" signature="setUp()[pri:0, instance:com.phptravels.qa.testcases.MyAccountPageTest@1d548a08]" name="setUp" is-config="true" duration-ms="25500" started-at="2020-07-02T16:29:17Z" finished-at="2020-07-02T16:29:42Z">
          <reporter-output>
          </reporter-output>
        </test-method> <!-- setUp -->
        <test-method status="FAIL" signature="selectSummerDressTest()[pri:3, instance:com.phptravels.qa.testcases.MyAccountPageTest@1d548a08]" name="selectSummerDressTest" duration-ms="50401" started-at="2020-07-02T16:29:42Z" finished-at="2020-07-02T16:30:32Z">
          <exception class="org.openqa.selenium.ElementNotInteractableException">
            <message>
              <![CDATA[element not interactable
  (Session info: chrome=83.0.4103.116)
Build info: version: '3.141.59', revision: 'e82be7d358', time: '2018-11-14T08:17:03'
System info: host: 'A960LMAA', ip: '192.168.1.14', os.name: 'Windows 10', os.arch: 'amd64', os.version: '10.0', java.version: '1.8.0_181'
Driver info: org.openqa.selenium.chrome.ChromeDriver
Capabilities {acceptInsecureCerts: false, browserName: chrome, browserVersion: 83.0.4103.116, chrome: {chromedriverVersion: 83.0.4103.39 (ccbf011cb2d2b..., userDataDir: C:\Users\u44052\AppData\Loc...}, goog:chromeOptions: {debuggerAddress: localhost:50820}, javascriptEnabled: true, networkConnectionEnabled: false, pageLoadStrategy: normal, platform: WINDOWS, platformName: WINDOWS, proxy: Proxy(), setWindowRect: true, strictFileInteractability: false, timeouts: {implicit: 0, pageLoad: 300000, script: 30000}, unhandledPromptBehavior: dismiss and notify, webauthn:virtualAuthenticators: true}
Session ID: a7a6b0cb910eaf361751a9c81904f30a]]>
            </message>
            <full-stacktrace>
              <![CDATA[org.openqa.selenium.ElementNotInteractableException: element not interactable
  (Session info: chrome=83.0.4103.116)
Build info: version: '3.141.59', revision: 'e82be7d358', time: '2018-11-14T08:17:03'
System info: host: 'A960LMAA', ip: '192.168.1.14', os.name: 'Windows 10', os.arch: 'amd64', os.version: '10.0', java.version: '1.8.0_181'
Driver info: org.openqa.selenium.chrome.ChromeDriver
Capabilities {acceptInsecureCerts: false, browserName: chrome, browserVersion: 83.0.4103.116, chrome: {chromedriverVersion: 83.0.4103.39 (ccbf011cb2d2b..., userDataDir: C:\Users\u44052\AppData\Loc...}, goog:chromeOptions: {debuggerAddress: localhost:50820}, javascriptEnabled: true, networkConnectionEnabled: false, pageLoadStrategy: normal, platform: WINDOWS, platformName: WINDOWS, proxy: Proxy(), setWindowRect: true, strictFileInteractability: false, timeouts: {implicit: 0, pageLoad: 300000, script: 30000}, unhandledPromptBehavior: dismiss and notify, webauthn:virtualAuthenticators: true}
Session ID: a7a6b0cb910eaf361751a9c81904f30a
at sun.reflect.NativeConstructorAccessorImpl.newInstance0(Native Method)
at sun.reflect.NativeConstructorAccessorImpl.newInstance(Unknown Source)
at sun.reflect.DelegatingConstructorAccessorImpl.newInstance(Unknown Source)
at java.lang.reflect.Constructor.newInstance(Unknown Source)
at org.openqa.selenium.remote.http.W3CHttpResponseCodec.createException(W3CHttpResponseCodec.java:187)
at org.openqa.selenium.remote.http.W3CHttpResponseCodec.decode(W3CHttpResponseCodec.java:122)
at org.openqa.selenium.remote.http.W3CHttpResponseCodec.decode(W3CHttpResponseCodec.java:49)
at org.openqa.selenium.remote.HttpCommandExecutor.execute(HttpCommandExecutor.java:158)
at org.openqa.selenium.remote.service.DriverCommandExecutor.execute(DriverCommandExecutor.java:83)
at org.openqa.selenium.remote.RemoteWebDriver.execute(RemoteWebDriver.java:552)
at org.openqa.selenium.remote.RemoteWebElement.execute(RemoteWebElement.java:285)
at org.openqa.selenium.remote.RemoteWebElement.click(RemoteWebElement.java:84)
at sun.reflect.NativeMethodAccessorImpl.invoke0(Native Method)
at sun.reflect.NativeMethodAccessorImpl.invoke(Unknown Source)
at sun.reflect.DelegatingMethodAccessorImpl.invoke(Unknown Source)
at java.lang.reflect.Method.invoke(Unknown Source)
at org.openqa.selenium.support.pagefactory.internal.LocatingElementHandler.invoke(LocatingElementHandler.java:51)
at com.sun.proxy.$Proxy9.click(Unknown Source)
at com.phptravels.qa.pages.MyAccountPage.selectSummerDresses(MyAccountPage.java:50)
at com.phptravels.qa.testcases.MyAccountPageTest.selectSummerDressTest(MyAccountPageTest.java:48)
at sun.reflect.NativeMethodAccessorImpl.invoke0(Native Method)
at sun.reflect.NativeMethodAccessorImpl.invoke(Unknown Source)
at sun.reflect.DelegatingMethodAccessorImpl.invoke(Unknown Source)
at java.lang.reflect.Method.invoke(Unknown Source)
at org.testng.internal.MethodInvocationHelper.invokeMethod(MethodInvocationHelper.java:124)
at org.testng.internal.Invoker.invokeMethod(Invoker.java:583)
at org.testng.internal.Invoker.invokeTestMethod(Invoker.java:719)
at org.testng.internal.Invoker.invokeTestMethods(Invoker.java:989)
at org.testng.internal.TestMethodWorker.invokeTestMethods(TestMethodWorker.java:125)
at org.testng.internal.TestMethodWorker.run(TestMethodWorker.java:109)
at org.testng.TestRunner.privateRun(TestRunner.java:648)
at org.testng.TestRunner.run(TestRunner.java:505)
at org.testng.SuiteRunner.runTest(SuiteRunner.java:455)
at org.testng.SuiteRunner.runSequentially(SuiteRunner.java:450)
at org.testng.SuiteRunner.privateRun(SuiteRunner.java:415)
at org.testng.SuiteRunner.run(SuiteRunner.java:364)
at org.testng.SuiteRunnerWorker.runSuite(SuiteRunnerWorker.java:52)
at org.testng.SuiteRunnerWorker.run(SuiteRunnerWorker.java:84)
at org.testng.TestNG.runSuitesSequentially(TestNG.java:1208)
at org.testng.TestNG.runSuitesLocally(TestNG.java:1137)
at org.testng.TestNG.runSuites(TestNG.java:1049)
at org.testng.TestNG.run(TestNG.java:1017)
at org.testng.remote.AbstractRemoteTestNG.run(AbstractRemoteTestNG.java:115)
at org.testng.remote.RemoteTestNG.initAndRun(RemoteTestNG.java:251)
at org.testng.remote.RemoteTestNG.main(RemoteTestNG.java:77)
]]>
            </full-stacktrace>
          </exception> <!-- org.openqa.selenium.ElementNotInteractableException -->
          <reporter-output>
          </reporter-output>
        </test-method> <!-- selectSummerDressTest -->
        <test-method status="PASS" signature="tearDownbrowser()[pri:0, instance:com.phptravels.qa.testcases.MyAccountPageTest@1d548a08]" name="tearDownbrowser" is-config="true" duration-ms="719" started-at="2020-07-02T16:30:33Z" finished-at="2020-07-02T16:30:33Z">
          <reporter-output>
          </reporter-output>
        </test-method> <!-- tearDownbrowser -->
      </class> <!-- com.phptravels.qa.testcases.MyAccountPageTest -->
    </test> <!-- Regression1 -->
  </suite> <!-- Automation with Application -->
</testng-results>
